[16-04-2025 @15:38:55] Inició sesión Yoyo
[16-04-2025 @15:45:39] Inició sesión Yoyo
[16-04-2025 @16:30:01] Inició sesión Yoyo
[16-04-2025 @16:36:42] Inició sesión Yoyo
[16-04-2025 @19:11:30] Inició sesión Yoyo
[23-04-2025 @14:27:24] Inició sesión Yoyo
[23-04-2025 @14:30:22] Inició sesión Yoyo
[23-04-2025 @14:50:21] Cerró sesión Yoyo
[23-04-2025 @14:51:37] Cerró sesión chivi
[23-04-2025 @14:51:46] Inició sesión Yoyo
[24-04-2025 @12:36:10] Inició sesión Yoyo
[24-04-2025 @14:15:49] Inició sesión Yoyo
[24-04-2025 @22:03:19] Inició sesión Yoyo
[02-05-2025 @13:01:51] Inició sesión Yoyo
[02-05-2025 @13:02:59] Inició sesión Yoyo
[02-05-2025 @13:04:01] Cerró sesión Yoyo
[02-05-2025 @13:04:12] Inició sesión chivi
[14-05-2025 @12:51:53] Inició sesión Yoyo
[15-05-2025 @23:39:00] Inició sesión Yoyo
[16-05-2025 @00:04:49] Inició sesión Yoyo
[16-05-2025 @00:07:54] Inició sesión Yoyo
[16-05-2025 @00:08:35] Inició sesión Yoyo
[16-05-2025 @00:09:38] Inició sesión Yoyo
[16-05-2025 @00:10:03] Inició sesión Yoyo
[16-05-2025 @00:10:47] Inició sesión Yoyo
[16-05-2025 @00:13:11] Inició sesión Yoyo
[16-05-2025 @00:20:32] Inició sesión Yoyo
[16-05-2025 @00:21:55] Inició sesión Yoyo
[16-05-2025 @23:41:29] Inició sesión Yoyo
[16-05-2025 @23:50:15] Inició sesión Yoyo
[17-05-2025 @00:48:24] Inició sesión Yoyo
[23-05-2025 @22:15:42] Inició sesión Yoyo
[23-05-2025 @22:16:02] Cerró sesión Yoyo
[23-05-2025 @23:03:55] Inició sesión Yoyo
[24-05-2025 @00:19:11] Cerró sesión Yoyo
[24-05-2025 @00:43:24] Inició sesión Yoyo
[24-05-2025 @00:50:00] Inició sesión Yoyo
[24-05-2025 @00:50:06] Cerró sesión Yoyo
[04-06-2025 @17:24:26] Inició sesión Yoyo
[04-06-2025 @17:29:56] Inició sesión Yoyo
[04-06-2025 @17:36:01] Cerró sesión Yoyo
[04-06-2025 @17:36:06] Inició sesión Yoyo
[04-06-2025 @17:36:10] Cerró sesión Yoyo
[04-06-2025 @17:36:22] Inició sesión Yoyo
[04-06-2025 @17:37:46] Inició sesión Yoyo
[04-06-2025 @17:37:57] Inició sesión Yoyo
[04-06-2025 @17:40:25] Cerró sesión Yoyo
[04-06-2025 @17:43:52] Cerró sesión Yoyo
[04-06-2025 @18:20:01] Inició sesión Yoyo
[04-06-2025 @18:27:29] Cerró sesión Yoyo
[04-06-2025 @19:01:46] Inició sesión Yoyo
[04-06-2025 @19:04:30] Inició sesión Yoyo
[04-06-2025 @19:46:53] Cerró sesión Yoyo
[04-06-2025 @19:47:14] Inició sesión Yoyo
[04-06-2025 @19:58:21] Inició sesión Yoyo
[04-06-2025 @19:59:49] Cerró sesión Yoyo
[04-06-2025 @19:59:56] Inició sesión Yoyo
[04-06-2025 @20:00:16] Inició sesión Yoyo
[04-06-2025 @20:01:55] Inició sesión Yoyo
[04-06-2025 @20:03:48] Inició sesión Yoyo
[04-06-2025 @20:09:40] Inició sesión Yoyo
[04-06-2025 @20:10:56] Cerró sesión Yoyo
[04-06-2025 @20:11:19] Inició sesión Yoyo
[04-06-2025 @20:34:41] Cerró sesión Yoyo
[04-06-2025 @20:34:51] Inició sesión Yoyo
[04-06-2025 @20:43:35] Cerró sesión Yoyo
[04-06-2025 @20:43:45] Inició sesión Yoyo
[04-06-2025 @20:44:06] Cerró sesión Yoyo
[04-06-2025 @20:44:50] Cerró sesión Yoyo
[04-06-2025 @20:47:00] Cerró sesión Yoyo
[04-06-2025 @20:53:05] Cerró sesión Yoyo
[04-06-2025 @20:54:12] Inició sesión Yoyo
[05-06-2025 @09:26:36] Inició sesión Yoyo
[05-06-2025 @09:57:10] Cerró sesión Yoyo
[05-06-2025 @09:57:19] Inició sesión Yoyo
[05-06-2025 @15:17:32] Inició sesión Yoyo
[05-06-2025 @15:17:32] Inició sesión Yoyo
[05-06-2025 @17:38:33] Inició sesión Yoyo
[05-06-2025 @19:39:29] Inició sesión Yoyo
[05-06-2025 @19:41:03] Cerró sesión Yoyo
[05-06-2025 @20:28:26] Inició sesión Yoyo
[05-06-2025 @20:34:24] Cerró sesión Yoyo
[05-06-2025 @22:00:48] Inició sesión Yoyo
[05-06-2025 @22:42:37] Inició sesión user
[05-06-2025 @22:43:01] Cerró sesión user
[05-06-2025 @22:45:25] Cerró sesión zubi
[05-06-2025 @22:45:30] Inició sesión Yoyo
[05-06-2025 @23:08:31] Cerró sesión lamine
[06-06-2025 @18:26:07] Cerró sesión hasodi
[06-06-2025 @18:26:12] Inició sesión Yoyo
[06-06-2025 @18:27:19] Cerró sesión Yoyo
[06-06-2025 @18:27:43] Cerró sesión cami
[06-06-2025 @18:28:20] Cerró sesión maria
[06-06-2025 @18:28:25] Inició sesión zubi
[06-06-2025 @18:28:43] Cerró sesión zubi
[06-06-2025 @18:32:56] Cerró sesión Mbappe
[06-06-2025 @18:33:02] Inició sesión Yoyo
[06-06-2025 @18:33:20] Cerró sesión Yoyo
[06-06-2025 @18:33:42] Cerró sesión vinijr
[06-06-2025 @18:34:19] Cerró sesión arda_guler
[06-06-2025 @18:34:55] Cerró sesión mastantuono
[06-06-2025 @18:35:34] Cerró sesión Messi
[06-06-2025 @18:36:10] Cerró sesión Cr7
[06-06-2025 @18:36:52] Cerró sesión Doue
[06-06-2025 @18:36:57] Inició sesión Yoyo
[06-06-2025 @18:40:41] Inició sesión Yoyo
[06-06-2025 @21:06:04] Inició sesión Yoyo
[07-06-2025 @12:02:34] Inició sesión Yoyo
[07-06-2025 @12:07:43] Inició sesión Yoyo
[07-06-2025 @12:10:20] Cerró sesión Yoyo
[07-06-2025 @12:10:30] Cerró sesión Yoyo
[07-06-2025 @12:25:37] Inició sesión Yoyo
[07-06-2025 @12:28:58] Inició sesión Yoyo
[07-06-2025 @12:30:22] Cerró sesión Yoyo
[07-06-2025 @12:33:24] Cerró sesión Yoyo
[07-06-2025 @15:26:37] Inició sesión Yoyo
[20-06-2025 @18:29:42] Inició sesión Yoyo
[20-06-2025 @18:30:29] Cerró sesión Yoyo
[20-06-2025 @18:54:28] Inició sesión Yoyo
[20-06-2025 @18:55:38] Cerró sesión Yoyo
[20-06-2025 @19:00:45] Inició sesión Yoyo
[20-06-2025 @19:04:54] Cerró sesión Yoyo
[20-06-2025 @19:07:53] Inició sesión Yoyo
[20-06-2025 @19:07:58] Cerró sesión Yoyo
[20-06-2025 @19:21:34] Inició sesión Yoyo
[20-06-2025 @19:21:46] Inició sesión Yoyo
[20-06-2025 @20:01:40] Inició sesión Yoyo
[25-06-2025 @21:00:17] Inició sesión Yoyo
[25-06-2025 @22:53:47] Inició sesión Yoyo
[26-06-2025 @14:57:18] Inició sesión Yoyo
[26-06-2025 @14:58:37] Inició sesión Yoyo
[26-06-2025 @15:37:33] Cerró sesión Yoyo
[26-06-2025 @15:37:43] Inició sesión Mbappe
[26-06-2025 @16:35:10] Cerró sesión Mbappe
[26-06-2025 @16:35:18] Inició sesión Yoyo
[26-06-2025 @17:45:30] Inició sesión Yoyo
[26-06-2025 @17:48:54] Inició sesión Yoyo
[26-06-2025 @17:50:54] Inició sesión Yoyo
[26-06-2025 @17:51:31] Inició sesión Yoyo
[26-06-2025 @18:15:48] Inició sesión Yoyo
[26-06-2025 @18:32:39] Inició sesión Yoyo
[26-06-2025 @18:44:49] Inició sesión Yoyo
[26-06-2025 @19:25:03] Inició sesión Yoyo
[26-06-2025 @19:41:02] Inició sesión Yoyo
[26-06-2025 @19:41:48] Inició sesión Yoyo
[26-06-2025 @19:42:41] Inició sesión Yoyo
[26-06-2025 @19:43:57] Inició sesión Yoyo
[26-06-2025 @19:44:31] Inició sesión Yoyo
[26-06-2025 @19:46:52] Inició sesión Yoyo
[26-06-2025 @19:47:38] Inició sesión Yoyo
[26-06-2025 @20:09:06] Inició sesión Yoyo
[26-06-2025 @20:09:37] Inició sesión Yoyo
[26-06-2025 @20:11:12] Inició sesión Yoyo
[26-06-2025 @20:11:50] Inició sesión Yoyo
[26-06-2025 @20:16:26] Inició sesión Yoyo
[26-06-2025 @20:17:18] Inició sesión Yoyo
[26-06-2025 @20:18:12] Inició sesión Yoyo
[26-06-2025 @21:09:49] Inició sesión Yoyo
[21-06-2025 @21:18:32] Inició sesión Yoyo
[22-06-2025 @01:31:34] Inició sesión Yoyo
[22-06-2025 @01:37:12] Cerró sesión Yoyo
[26-06-2025 @22:42:35] Inició sesión Yoyo
[26-06-2025 @22:44:41] Cerró sesión Yoyo
[19-07-2025 @20:25:33] Inició sesión Yoyo
[19-07-2025 @21:27:45] Cerró sesión Yoyo
[19-07-2025 @21:32:44] Inició sesión Yoyo
[19-07-2025 @22:17:08] Cerró sesión Yoyo
[19-07-2025 @22:48:14] Inició sesión Yoyo
[19-07-2025 @23:17:05] Cerró sesión Yoyo
[19-07-2025 @23:27:43] Inició sesión user
[19-07-2025 @23:30:42] Inició sesión user
[19-07-2025 @23:32:11] Inició sesión Yoyo
[19-07-2025 @23:50:05] Cerró sesión Yoyo
[19-07-2025 @23:50:26] Cerró sesión woman
[19-07-2025 @23:50:32] Inició sesión Yoyo
[20-07-2025 @00:08:49] Inició sesión Yoyo
[20-07-2025 @00:30:49] Inició sesión Yoyo
[20-07-2025 @00:44:31] Inició sesión Yoyo
[20-07-2025 @01:32:42] Inició sesión Yoyo
[20-07-2025 @15:51:01] Inició sesión Yoyo
[20-07-2025 @16:00:52] Inició sesión Yoyo
[20-07-2025 @16:34:47] Inició sesión Yoyo
[20-07-2025 @16:35:05] Inició sesión Yoyo
[20-07-2025 @16:35:54] Inició sesión Yoyo
[20-07-2025 @16:36:22] Inició sesión Yoyo
[20-07-2025 @16:53:39] Inició sesión Yoyo
[20-07-2025 @17:01:28] Inició sesión Yoyo
[20-07-2025 @18:04:27] Inició sesión Yoyo
[20-07-2025 @18:04:49] Inició sesión Yoyo
[20-07-2025 @18:12:10] Inició sesión Yoyo
[20-07-2025 @18:21:09] Inició sesión Yoyo
[20-07-2025 @18:25:44] Inició sesión Yoyo
[20-07-2025 @18:26:35] Inició sesión Yoyo
[20-07-2025 @18:48:34] Inició sesión Yoyo
[20-07-2025 @18:53:08] Inició sesión Yoyo
[20-07-2025 @18:55:10] Inició sesión Yoyo
[20-07-2025 @18:57:53] Inició sesión Yoyo
[20-07-2025 @19:01:49] Inició sesión Yoyo
[20-07-2025 @19:07:57] Inició sesión Yoyo
[20-07-2025 @19:12:19] Inició sesión Yoyo
[20-07-2025 @19:54:35] Inició sesión Yoyo
[24-07-2025 @18:11:03] Inició sesión Yoyo
[24-07-2025 @18:13:41] Cerró sesión Yoyo
[24-07-2025 @18:13:48] Inició sesión Yoyo
[24-07-2025 @18:24:19] Inició sesión Yoyo
[24-07-2025 @18:32:28] Inició sesión Yoyo
[24-07-2025 @18:42:07] Inició sesión Yoyo
[24-07-2025 @18:42:34] Inició sesión Yoyo
[25-07-2025 @17:05:37] Cerró sesión Yoyo
[25-07-2025 @17:07:16] Cerró sesión Yoyazo
[25-07-2025 @17:07:31] Inició sesión user
[29-08-2025 @20:25:15] Inició sesión Yoyo
[29-08-2025 @20:25:29] Inició sesión Yoyo
[13-09-2025 @13:40:36] Inició sesión Yoyo
[13-09-2025 @13:58:48] Inició sesión Yoyo
[13-09-2025 @14:11:36] Cerró sesión Yoyo
[13-09-2025 @14:20:26] Inició sesión Yoyo
[24-10-2025 @16:49:04] Inició sesión Yoyo
[24-10-2025 @16:49:21] Inició sesión Yoyo
[24-10-2025 @19:19:06] Inició sesión Yoyo
[24-10-2025 @19:36:50] Inició sesión Yoyo
[24-10-2025 @19:39:05] Inició sesión Yoyo
[24-10-2025 @19:39:45] Inició sesión Yoyo
[24-10-2025 @19:42:19] Inició sesión Yoyo
[09-11-2025 @23:48:14] Cerró sesión Yoyo
[09-11-2025 @23:48:34] Inició sesión user
[09-11-2025 @23:49:21] Cerró sesión user
[09-11-2025 @23:50:01] Inició sesión Yoyo
[09-11-2025 @23:55:22] Inició sesión Yoyo
[09-11-2025 @23:55:56] Inició sesión Yoyo
[09-11-2025 @23:56:30] Inició sesión Yoyo
[09-11-2025 @23:58:48] Inició sesión Yoyo
[10-11-2025 @00:20:50] Inició sesión Yoyo
[09-12-2025 @19:18:39] Inició sesión Yoyo
[09-12-2025 @19:38:13] Inició sesión Yoyo
[09-12-2025 @20:18:51] Inició sesión Yoyo
[09-12-2025 @21:04:55] Inició sesión Yoyo
[09-12-2025 @21:07:07] Inició sesión Yoyo
[09-12-2025 @21:12:14] Inició sesión Yoyo
[10-12-2025 @15:03:48] Inició sesión Yoyo
[10-12-2025 @15:07:18] Cerró sesión Yoyo
[10-12-2025 @15:07:47] Inició sesión Yoyo
[10-12-2025 @16:03:28] Inició sesión Yoyo
[10-12-2025 @16:06:14] Inició sesión Yoyo
[10-12-2025 @16:07:13] Inició sesión Yoyo
[10-12-2025 @16:16:32] Cerró sesión Yoyo
[10-12-2025 @16:17:02] Inició sesión Yoyo
[10-12-2025 @22:58:53] Inició sesión Yoyo
[10-12-2025 @23:09:30] Cerró sesión Yoyo
[10-12-2025 @23:10:02] Inició sesión Yoyo
[10-12-2025 @23:18:03] Cerró sesión Yoyo
[10-12-2025 @23:18:08] Inició sesión Yoyo
[10-12-2025 @23:19:18] Inició sesión Yoyo
[10-12-2025 @23:19:52] Inició sesión Yoyo
[10-12-2025 @23:22:52] Inició sesión Yoyo
[10-12-2025 @23:23:05] Cerró sesión Yoyo
[22-12-2025 @14:29:44] Inició sesión Yoyo
[22-12-2025 @14:33:04] Inició sesión Yoyo
[22-12-2025 @14:46:33] Inició sesión Yoyo
[22-12-2025 @14:48:24] Inició sesión Yoyo
[22-12-2025 @15:27:29] Inició sesión Yoyo
[22-12-2025 @15:41:17] Inició sesión Yoyo
[22-12-2025 @15:41:57] Inició sesión Yoyo
[22-12-2025 @15:43:34] Inició sesión Yoyo
[22-12-2025 @15:48:31] Inició sesión Yoyo
[22-12-2025 @15:56:25] Inició sesión Yoyo
[22-12-2025 @16:00:18] Inició sesión Yoyo
[22-12-2025 @16:02:20] Inició sesión Yoyo
[22-12-2025 @16:05:05] Inició sesión Yoyo
[22-12-2025 @16:05:55] Inició sesión Yoyo
[22-12-2025 @16:07:12] Inició sesión Yoyo
[22-12-2025 @16:08:00] Inició sesión Yoyo
[22-12-2025 @16:10:12] Inició sesión Yoyo
[22-12-2025 @16:12:31] Inició sesión Yoyo
[22-12-2025 @16:13:17] Inició sesión Yoyo
[22-12-2025 @16:17:28] Inició sesión Yoyo
[22-12-2025 @16:19:01] Inició sesión Yoyo
[22-12-2025 @16:19:40] Inició sesión Yoyo
[22-12-2025 @16:28:50] Inició sesión Yoyo
[22-12-2025 @16:33:36] Inició sesión Yoyo
[22-12-2025 @16:34:08] Inició sesión Yoyo
[22-12-2025 @16:34:51] Inició sesión Yoyo
[22-12-2025 @16:35:37] Cerró sesión Yoyo
[22-12-2025 @16:35:43] Inició sesión elchivi
[22-12-2025 @16:36:17] Cerró sesión elchivi
[22-12-2025 @16:36:22] Inició sesión Yoyo
[22-12-2025 @17:52:32] Cerró sesión Yoyo
[22-12-2025 @17:52:46] Inició sesión elchivi
[22-12-2025 @17:54:52] Cerró sesión elchivi
[22-12-2025 @17:55:01] Inició sesión Yoyo
[22-12-2025 @18:17:31] Inició sesión Yoyo
[22-12-2025 @18:19:29] Inició sesión Yoyo
[22-12-2025 @18:21:44] Inició sesión Yoyo
[22-12-2025 @18:22:13] Inició sesión Yoyo
[22-12-2025 @18:23:27] Inició sesión Yoyo
[22-12-2025 @18:26:19] Inició sesión Yoyo
[22-12-2025 @18:27:16] Inició sesión Yoyo
[22-12-2025 @18:29:54] Inició sesión Yoyo
[22-12-2025 @18:30:34] Inició sesión Yoyo
[22-12-2025 @18:35:32] Inició sesión Yoyo
[22-12-2025 @18:37:03] Inició sesión Yoyo
[24-12-2025 @00:41:08] Inició sesión Yoyo
[05-03-2026 @19:25:34] Inició sesión Yoyo
[19-03-2026 @17:39:10] Inició sesión Yoyo
[19-03-2026 @17:45:48] Inició sesión Yoyo
[19-03-2026 @17:57:56] Inició sesión Yoyo
[19-03-2026 @18:00:58] Inició sesión Yoyo
[19-03-2026 @18:02:17] Inició sesión Yoyo
[19-03-2026 @18:28:34] Inició sesión Yoyo
[19-03-2026 @18:29:58] Inició sesión Yoyo
[01-04-2026 @16:01:57] Inició sesión Yoyo
[01-04-2026 @16:41:30] Inició sesión Yoyo
