[23-04-2025 @14:50:43] chivi se ha registrado
[16-05-2025 @23:51:25] Thewinner se ha registrado
[05-06-2025 @22:41:26] user se ha registrado
[05-06-2025 @22:43:39] zubi se ha registrado
[05-06-2025 @23:03:06] minu se ha registrado
[05-06-2025 @23:08:19] lamine se ha registrado
[05-06-2025 @23:08:56] cherki se ha registrado
[06-06-2025 @18:24:43] hasodi se ha registrado
[06-06-2025 @18:27:32] cami se ha registrado
[06-06-2025 @18:28:01] maria se ha registrado
[06-06-2025 @18:29:19] Mbappe se ha registrado
[06-06-2025 @18:33:39] vinijr se ha registrado
[06-06-2025 @18:34:12] arda_guler se ha registrado
[06-06-2025 @18:34:53] mastantuono se ha registrado
[06-06-2025 @18:35:16] Messi se ha registrado
[06-06-2025 @18:35:49] Cr7 se ha registrado
[06-06-2025 @18:36:31] Doue se ha registrado
[22-06-2025 @01:31:47] Loyal se ha registrado
[22-06-2025 @01:53:18] Camilita se ha registrado
[19-07-2025 @22:17:30] Yoyo se ha registrado
[19-07-2025 @23:17:30] user se ha registrado
[19-07-2025 @23:50:15] woman se ha registrado
[25-07-2025 @17:06:29] Yoyazo se ha registrado
